[INFO] Scanning for projects...
[INFO] 
[INFO] -------------------------< com.example:zkdemo >-------------------------
[INFO] Building zkdemo 1.0-SNAPSHOT
[INFO] --------------------------------[ jar ]---------------------------------
[INFO] 
[INFO] --- exec-maven-plugin:3.1.0:java (default-cli) @ zkdemo ---
09:46:02.295 [com.example.Server.main()] INFO org.apache.zookeeper.ZooKeeper - Client environment:zookeeper.version=3.8.2-139d619b58292d7734b4fc83a0f44be4e7b0c986, built on 2023-07-05 19:24 UTC
09:46:02.296 [com.example.Server.main()] INFO org.apache.zookeeper.ZooKeeper - Client environment:host.name=LAPTOP-IT9DP2JJ.fareast.corp.microsoft.com
09:46:02.296 [com.example.Server.main()] INFO org.apache.zookeeper.ZooKeeper - Client environment:java.version=11.0.19
09:46:02.296 [com.example.Server.main()] INFO org.apache.zookeeper.ZooKeeper - Client environment:java.vendor=Ubuntu
09:46:02.296 [com.example.Server.main()] INFO org.apache.zookeeper.ZooKeeper - Client environment:java.home=/usr/lib/jvm/java-11-openjdk-amd64
09:46:02.296 [com.example.Server.main()] INFO org.apache.zookeeper.ZooKeeper - Client environment:java.class.path=/usr/share/maven/boot/plexus-classworlds-2.x.jar
09:46:02.296 [com.example.Server.main()] INFO org.apache.zookeeper.ZooKeeper - Client environment:java.library.path=/usr/java/packages/lib:/usr/lib/x86_64-linux-gnu/jni:/lib/x86_64-linux-gnu:/usr/lib/x86_64-linux-gnu:/usr/lib/jni:/lib:/usr/lib
09:46:02.296 [com.example.Server.main()] INFO org.apache.zookeeper.ZooKeeper - Client environment:java.io.tmpdir=/tmp
09:46:02.296 [com.example.Server.main()] INFO org.apache.zookeeper.ZooKeeper - Client environment:java.compiler=<NA>
09:46:02.296 [com.example.Server.main()] INFO org.apache.zookeeper.ZooKeeper - Client environment:os.name=Linux
09:46:02.296 [com.example.Server.main()] INFO org.apache.zookeeper.ZooKeeper - Client environment:os.arch=amd64
09:46:02.296 [com.example.Server.main()] INFO org.apache.zookeeper.ZooKeeper - Client environment:os.version=5.15.90.1-microsoft-standard-WSL2
09:46:02.296 [com.example.Server.main()] INFO org.apache.zookeeper.ZooKeeper - Client environment:user.name=amondal
09:46:02.296 [com.example.Server.main()] INFO org.apache.zookeeper.ZooKeeper - Client environment:user.home=/home/amondal
09:46:02.296 [com.example.Server.main()] INFO org.apache.zookeeper.ZooKeeper - Client environment:user.dir=/home/amondal/java-zookeeper/zkdemo
09:46:02.296 [com.example.Server.main()] INFO org.apache.zookeeper.ZooKeeper - Client environment:os.memory.free=86MB
09:46:02.296 [com.example.Server.main()] INFO org.apache.zookeeper.ZooKeeper - Client environment:os.memory.max=1950MB
09:46:02.296 [com.example.Server.main()] INFO org.apache.zookeeper.ZooKeeper - Client environment:os.memory.total=124MB
09:46:02.298 [com.example.Server.main()] INFO org.apache.zookeeper.ZooKeeper - Initiating client connection, connectString=localhost sessionTimeout=2000 watcher=com.example.ZKConnection$1@2a3dcb23
09:46:02.302 [com.example.Server.main()] INFO org.apache.zookeeper.common.X509Util - Setting -D jdk.tls.rejectClientInitiatedRenegotiation=true to disable client-initiated TLS renegotiation
09:46:02.305 [com.example.Server.main()] INFO org.apache.zookeeper.ClientCnxnSocket - jute.maxbuffer value is 1048575 Bytes
09:46:02.311 [com.example.Server.main()] INFO org.apache.zookeeper.ClientCnxn - zookeeper.request.timeout value is 0. feature enabled=false
09:46:02.318 [com.example.Server.main(localhost:2181)] DEBUG org.apache.zookeeper.SaslServerPrincipal - Canonicalized address to localhost
09:46:02.320 [com.example.Server.main(localhost:2181)] INFO org.apache.zookeeper.ClientCnxn - Opening socket connection to server localhost/127.0.0.1:2181.
09:46:02.320 [com.example.Server.main(localhost:2181)] INFO org.apache.zookeeper.ClientCnxn - SASL config status: Will not attempt to authenticate using SASL (unknown error)
09:46:02.330 [com.example.Server.main(localhost:2181)] INFO org.apache.zookeeper.ClientCnxn - Socket connection established, initiating session, client: /127.0.0.1:33632, server: localhost/127.0.0.1:2181
09:46:02.332 [com.example.Server.main(localhost:2181)] DEBUG org.apache.zookeeper.ClientCnxn - Session establishment request sent on localhost/127.0.0.1:2181
09:46:02.337 [com.example.Server.main(localhost:2181)] INFO org.apache.zookeeper.ClientCnxn - Session establishment complete on server localhost/127.0.0.1:2181, session id = 0x100156924710005, negotiated timeout = 4000
09:46:02.343 [com.example.Server.main(localhost:2181)] DEBUG org.apache.zookeeper.ClientCnxn - Reading reply session id: 0x100156924710005, packet:: clientPath:null serverPath:null finished:false header:: 1,3  replyHeader:: 1,987,0  request:: '/sequence,T  response:: s{897,897,1690515998117,1690515998117,0,12,0,0,5,0,986} 
Node exists and the node version is 0
09:46:02.347 [com.example.Server.main(localhost:2181)] DEBUG org.apache.zookeeper.ClientCnxn - Reading reply session id: 0x100156924710005, packet:: clientPath:null serverPath:null finished:false header:: 2,3  replyHeader:: 2,987,0  request:: '/replicas,T  response:: s{898,898,1690515998124,1690515998124,0,1,0,0,5,1,901} 
Node exists and the node version is 0
09:46:02.348 [com.example.Server.main(localhost:2181)] DEBUG org.apache.zookeeper.ClientCnxn - Reading reply session id: 0x100156924710005, packet:: clientPath:null serverPath:null finished:false header:: 3,3  replyHeader:: 3,987,0  request:: '/leader,T  response:: s{899,899,1690515998129,1690515998129,0,1,0,0,5,1,903} 
Node exists and the node version is 0
09:46:02.350 [com.example.Server.main(localhost:2181)] DEBUG org.apache.zookeeper.ClientCnxn - Reading reply session id: 0x100156924710005, packet:: clientPath:null serverPath:null finished:false header:: 4,3  replyHeader:: 4,987,-101  request:: '/sequence/127.0.0.1:5001,T  response::  
Node does not exists
09:46:02.356 [com.example.Server.main(localhost:2181)] DEBUG org.apache.zookeeper.ClientCnxn - Got notification session id: 0x100156924710005
09:46:02.357 [com.example.Server.main(localhost:2181)] DEBUG org.apache.zookeeper.ClientCnxn - Got WatchedEvent state:SyncConnected type:NodeCreated path:/sequence/127.0.0.1:5001 for session id 0x100156924710005
09:46:02.358 [com.example.Server.main(localhost:2181)] DEBUG org.apache.zookeeper.ClientCnxn - Reading reply session id: 0x100156924710005, packet:: clientPath:null serverPath:null finished:false header:: 5,1  replyHeader:: 5,988,0  request:: '/sequence/127.0.0.1:5001,#2d31,v{s{31,s{'world,'anyone}}},1  response:: '/sequence/127.0.0.1:5001 
09:46:02.359 [com.example.Server.main(localhost:2181)] DEBUG org.apache.zookeeper.ClientCnxn - Reading reply session id: 0x100156924710005, packet:: clientPath:null serverPath:null finished:false header:: 6,3  replyHeader:: 6,988,0  request:: '/replicas/1,T  response:: s{901,901,1690515998139,1690515998139,0,12,0,0,5,0,986} 
Node exists and the node version is 0
09:46:02.361 [com.example.Server.main(localhost:2181)] DEBUG org.apache.zookeeper.ClientCnxn - Reading reply session id: 0x100156924710005, packet:: clientPath:null serverPath:null finished:false header:: 7,3  replyHeader:: 7,988,-101  request:: '/replicas/1/127.0.0.1:5001_,T  response::  
Node does not exists
09:46:02.364 [com.example.Server.main(localhost:2181)] DEBUG org.apache.zookeeper.ClientCnxn - Reading reply session id: 0x100156924710005, packet:: clientPath:null serverPath:null finished:false header:: 8,1  replyHeader:: 8,989,0  request:: '/replicas/1/127.0.0.1:5001_,#48656c6c6f,v{s{31,s{'world,'anyone}}},3  response:: '/replicas/1/127.0.0.1:5001_0000000006 
09:46:02.366 [com.example.Server.main(localhost:2181)] DEBUG org.apache.zookeeper.ClientCnxn - Reading reply session id: 0x100156924710005, packet:: clientPath:null serverPath:null finished:false header:: 9,3  replyHeader:: 9,989,0  request:: '/leader/1,T  response:: s{903,903,1690515998148,1690515998148,0,0,0,0,14,0,903} 
Node exists and the node version is 0
09:46:02.369 [com.example.Server.main(localhost:2181)] DEBUG org.apache.zookeeper.ClientCnxn - Reading reply session id: 0x100156924710005, packet:: clientPath:null serverPath:null finished:false header:: 10,3  replyHeader:: 10,989,0  request:: '/replicas,T  response:: s{898,898,1690515998124,1690515998124,0,1,0,0,5,1,901} 
Node exists and the node version is 0
09:46:02.372 [com.example.Server.main(localhost:2181)] DEBUG org.apache.zookeeper.ClientCnxn - Reading reply session id: 0x100156924710005, packet:: clientPath:null serverPath:null finished:false header:: 11,8  replyHeader:: 11,989,0  request:: '/replicas,F  response:: v{'1} 
1
09:46:02.374 [com.example.Server.main(localhost:2181)] DEBUG org.apache.zookeeper.ClientCnxn - Reading reply session id: 0x100156924710005, packet:: clientPath:null serverPath:null finished:false header:: 12,3  replyHeader:: 12,989,0  request:: '/leader/1,T  response:: s{903,903,1690515998148,1690515998148,0,0,0,0,14,0,903} 
Node exists and the node version is 0
09:46:02.376 [com.example.Server.main(localhost:2181)] DEBUG org.apache.zookeeper.ClientCnxn - Reading reply session id: 0x100156924710005, packet:: clientPath:null serverPath:null finished:false header:: 13,4  replyHeader:: 13,989,0  request:: '/leader/1,F  response:: #3132372e302e302e313a35303031,s{903,903,1690515998148,1690515998148,0,0,0,0,14,0,903} 
127.0.0.1:5001
09:46:03.378 [com.example.Server.main(localhost:2181)] DEBUG org.apache.zookeeper.ClientCnxn - Reading reply session id: 0x100156924710005, packet:: clientPath:null serverPath:null finished:false header:: 14,3  replyHeader:: 14,989,0  request:: '/replicas,T  response:: s{898,898,1690515998124,1690515998124,0,1,0,0,5,1,901} 
Node exists and the node version is 0
09:46:03.383 [com.example.Server.main(localhost:2181)] DEBUG org.apache.zookeeper.ClientCnxn - Reading reply session id: 0x100156924710005, packet:: clientPath:null serverPath:null finished:false header:: 15,8  replyHeader:: 15,989,0  request:: '/replicas,F  response:: v{'1} 
1
09:46:04.388 [com.example.Server.main(localhost:2181)] DEBUG org.apache.zookeeper.ClientCnxn - Reading reply session id: 0x100156924710005, packet:: clientPath:null serverPath:null finished:false header:: 16,3  replyHeader:: 16,989,0  request:: '/replicas,T  response:: s{898,898,1690515998124,1690515998124,0,1,0,0,5,1,901} 
Node exists and the node version is 0
09:46:04.390 [com.example.Server.main(localhost:2181)] DEBUG org.apache.zookeeper.ClientCnxn - Got ping response for session id: 0x100156924710005 after 4ms.
09:46:04.392 [com.example.Server.main(localhost:2181)] DEBUG org.apache.zookeeper.ClientCnxn - Reading reply session id: 0x100156924710005, packet:: clientPath:null serverPath:null finished:false header:: 17,8  replyHeader:: 17,989,0  request:: '/replicas,F  response:: v{'1} 
1
09:46:05.397 [com.example.Server.main(localhost:2181)] DEBUG org.apache.zookeeper.ClientCnxn - Reading reply session id: 0x100156924710005, packet:: clientPath:null serverPath:null finished:false header:: 18,3  replyHeader:: 18,989,0  request:: '/replicas,T  response:: s{898,898,1690515998124,1690515998124,0,1,0,0,5,1,901} 
Node exists and the node version is 0
09:46:05.398 [com.example.Server.main(localhost:2181)] DEBUG org.apache.zookeeper.ClientCnxn - Got ping response for session id: 0x100156924710005 after 3ms.
09:46:05.401 [com.example.Server.main(localhost:2181)] DEBUG org.apache.zookeeper.ClientCnxn - Reading reply session id: 0x100156924710005, packet:: clientPath:null serverPath:null finished:false header:: 19,8  replyHeader:: 19,989,0  request:: '/replicas,F  response:: v{'1} 
1
09:46:06.404 [com.example.Server.main(localhost:2181)] DEBUG org.apache.zookeeper.ClientCnxn - Reading reply session id: 0x100156924710005, packet:: clientPath:null serverPath:null finished:false header:: 20,3  replyHeader:: 20,989,0  request:: '/replicas,T  response:: s{898,898,1690515998124,1690515998124,0,1,0,0,5,1,901} 
Node exists and the node version is 0
09:46:06.405 [com.example.Server.main(localhost:2181)] DEBUG org.apache.zookeeper.ClientCnxn - Got ping response for session id: 0x100156924710005 after 2ms.
09:46:06.405 [com.example.Server.main(localhost:2181)] DEBUG org.apache.zookeeper.ClientCnxn - Reading reply session id: 0x100156924710005, packet:: clientPath:null serverPath:null finished:false header:: 21,8  replyHeader:: 21,989,0  request:: '/replicas,F  response:: v{'1} 
1
09:46:07.381 [com.example.Server.main(localhost:2181)] DEBUG org.apache.zookeeper.ClientCnxn - Reading reply session id: 0x100156924710005, packet:: clientPath:null serverPath:null finished:false header:: 22,3  replyHeader:: 22,989,0  request:: '/leader/1,T  response:: s{903,903,1690515998148,1690515998148,0,0,0,0,14,0,903} 
Node exists and the node version is 0
09:46:07.385 [com.example.Server.main(localhost:2181)] DEBUG org.apache.zookeeper.ClientCnxn - Reading reply session id: 0x100156924710005, packet:: clientPath:null serverPath:null finished:false header:: 23,4  replyHeader:: 23,989,0  request:: '/leader/1,F  response:: #3132372e302e302e313a35303031,s{903,903,1690515998148,1690515998148,0,0,0,0,14,0,903} 
127.0.0.1:5001
09:46:07.409 [com.example.Server.main(localhost:2181)] DEBUG org.apache.zookeeper.ClientCnxn - Reading reply session id: 0x100156924710005, packet:: clientPath:null serverPath:null finished:false header:: 24,3  replyHeader:: 24,989,0  request:: '/replicas,T  response:: s{898,898,1690515998124,1690515998124,0,1,0,0,5,1,901} 
Node exists and the node version is 0
09:46:07.411 [com.example.Server.main(localhost:2181)] DEBUG org.apache.zookeeper.ClientCnxn - Reading reply session id: 0x100156924710005, packet:: clientPath:null serverPath:null finished:false header:: 25,8  replyHeader:: 25,989,0  request:: '/replicas,F  response:: v{'1} 
1
09:46:08.415 [com.example.Server.main(localhost:2181)] DEBUG org.apache.zookeeper.ClientCnxn - Reading reply session id: 0x100156924710005, packet:: clientPath:null serverPath:null finished:false header:: 26,3  replyHeader:: 26,989,0  request:: '/replicas,T  response:: s{898,898,1690515998124,1690515998124,0,1,0,0,5,1,901} 
Node exists and the node version is 0
09:46:08.416 [com.example.Server.main(localhost:2181)] DEBUG org.apache.zookeeper.ClientCnxn - Got ping response for session id: 0x100156924710005 after 3ms.
09:46:08.419 [com.example.Server.main(localhost:2181)] DEBUG org.apache.zookeeper.ClientCnxn - Reading reply session id: 0x100156924710005, packet:: clientPath:null serverPath:null finished:false header:: 27,8  replyHeader:: 27,989,0  request:: '/replicas,F  response:: v{'1} 
1
09:46:09.424 [com.example.Server.main(localhost:2181)] DEBUG org.apache.zookeeper.ClientCnxn - Reading reply session id: 0x100156924710005, packet:: clientPath:null serverPath:null finished:false header:: 28,3  replyHeader:: 28,989,0  request:: '/replicas,T  response:: s{898,898,1690515998124,1690515998124,0,1,0,0,5,1,901} 
Node exists and the node version is 0
09:46:09.425 [com.example.Server.main(localhost:2181)] DEBUG org.apache.zookeeper.ClientCnxn - Got ping response for session id: 0x100156924710005 after 3ms.
09:46:09.427 [com.example.Server.main(localhost:2181)] DEBUG org.apache.zookeeper.ClientCnxn - Reading reply session id: 0x100156924710005, packet:: clientPath:null serverPath:null finished:false header:: 29,8  replyHeader:: 29,989,0  request:: '/replicas,F  response:: v{'1} 
1
09:46:10.431 [com.example.Server.main(localhost:2181)] DEBUG org.apache.zookeeper.ClientCnxn - Reading reply session id: 0x100156924710005, packet:: clientPath:null serverPath:null finished:false header:: 30,3  replyHeader:: 30,989,0  request:: '/replicas,T  response:: s{898,898,1690515998124,1690515998124,0,1,0,0,5,1,901} 
Node exists and the node version is 0
09:46:10.432 [com.example.Server.main(localhost:2181)] DEBUG org.apache.zookeeper.ClientCnxn - Got ping response for session id: 0x100156924710005 after 4ms.
09:46:10.435 [com.example.Server.main(localhost:2181)] DEBUG org.apache.zookeeper.ClientCnxn - Reading reply session id: 0x100156924710005, packet:: clientPath:null serverPath:null finished:false header:: 31,8  replyHeader:: 31,989,0  request:: '/replicas,F  response:: v{'1} 
1
09:46:11.439 [com.example.Server.main(localhost:2181)] DEBUG org.apache.zookeeper.ClientCnxn - Reading reply session id: 0x100156924710005, packet:: clientPath:null serverPath:null finished:false header:: 32,3  replyHeader:: 32,989,0  request:: '/replicas,T  response:: s{898,898,1690515998124,1690515998124,0,1,0,0,5,1,901} 
Node exists and the node version is 0
09:46:11.440 [com.example.Server.main(localhost:2181)] DEBUG org.apache.zookeeper.ClientCnxn - Got ping response for session id: 0x100156924710005 after 3ms.
09:46:11.443 [com.example.Server.main(localhost:2181)] DEBUG org.apache.zookeeper.ClientCnxn - Reading reply session id: 0x100156924710005, packet:: clientPath:null serverPath:null finished:false header:: 33,8  replyHeader:: 33,989,0  request:: '/replicas,F  response:: v{'1} 
1
09:46:12.389 [com.example.Server.main(localhost:2181)] DEBUG org.apache.zookeeper.ClientCnxn - Reading reply session id: 0x100156924710005, packet:: clientPath:null serverPath:null finished:false header:: 34,3  replyHeader:: 34,989,0  request:: '/leader/1,T  response:: s{903,903,1690515998148,1690515998148,0,0,0,0,14,0,903} 
Node exists and the node version is 0
09:46:12.393 [com.example.Server.main(localhost:2181)] DEBUG org.apache.zookeeper.ClientCnxn - Reading reply session id: 0x100156924710005, packet:: clientPath:null serverPath:null finished:false header:: 35,4  replyHeader:: 35,989,0  request:: '/leader/1,F  response:: #3132372e302e302e313a35303031,s{903,903,1690515998148,1690515998148,0,0,0,0,14,0,903} 
127.0.0.1:5001
09:46:12.447 [com.example.Server.main(localhost:2181)] DEBUG org.apache.zookeeper.ClientCnxn - Reading reply session id: 0x100156924710005, packet:: clientPath:null serverPath:null finished:false header:: 36,3  replyHeader:: 36,989,0  request:: '/replicas,T  response:: s{898,898,1690515998124,1690515998124,0,1,0,0,5,1,901} 
Node exists and the node version is 0
09:46:12.450 [com.example.Server.main(localhost:2181)] DEBUG org.apache.zookeeper.ClientCnxn - Reading reply session id: 0x100156924710005, packet:: clientPath:null serverPath:null finished:false header:: 37,8  replyHeader:: 37,989,0  request:: '/replicas,F  response:: v{'1} 
1
09:46:13.455 [com.example.Server.main(localhost:2181)] DEBUG org.apache.zookeeper.ClientCnxn - Reading reply session id: 0x100156924710005, packet:: clientPath:null serverPath:null finished:false header:: 38,3  replyHeader:: 38,989,0  request:: '/replicas,T  response:: s{898,898,1690515998124,1690515998124,0,1,0,0,5,1,901} 
Node exists and the node version is 0
09:46:13.456 [com.example.Server.main(localhost:2181)] DEBUG org.apache.zookeeper.ClientCnxn - Got ping response for session id: 0x100156924710005 after 3ms.
09:46:13.459 [com.example.Server.main(localhost:2181)] DEBUG org.apache.zookeeper.ClientCnxn - Reading reply session id: 0x100156924710005, packet:: clientPath:null serverPath:null finished:false header:: 39,8  replyHeader:: 39,989,0  request:: '/replicas,F  response:: v{'1} 
1
09:46:14.464 [com.example.Server.main(localhost:2181)] DEBUG org.apache.zookeeper.ClientCnxn - Reading reply session id: 0x100156924710005, packet:: clientPath:null serverPath:null finished:false header:: 40,3  replyHeader:: 40,989,0  request:: '/replicas,T  response:: s{898,898,1690515998124,1690515998124,0,1,0,0,5,1,901} 
Node exists and the node version is 0
09:46:14.465 [com.example.Server.main(localhost:2181)] DEBUG org.apache.zookeeper.ClientCnxn - Got ping response for session id: 0x100156924710005 after 3ms.
09:46:14.467 [com.example.Server.main(localhost:2181)] DEBUG org.apache.zookeeper.ClientCnxn - Reading reply session id: 0x100156924710005, packet:: clientPath:null serverPath:null finished:false header:: 41,8  replyHeader:: 41,989,0  request:: '/replicas,F  response:: v{'1} 
1
09:46:15.471 [com.example.Server.main(localhost:2181)] DEBUG org.apache.zookeeper.ClientCnxn - Reading reply session id: 0x100156924710005, packet:: clientPath:null serverPath:null finished:false header:: 42,3  replyHeader:: 42,989,0  request:: '/replicas,T  response:: s{898,898,1690515998124,1690515998124,0,1,0,0,5,1,901} 
Node exists and the node version is 0
09:46:15.472 [com.example.Server.main(localhost:2181)] DEBUG org.apache.zookeeper.ClientCnxn - Got ping response for session id: 0x100156924710005 after 3ms.
09:46:15.474 [com.example.Server.main(localhost:2181)] DEBUG org.apache.zookeeper.ClientCnxn - Reading reply session id: 0x100156924710005, packet:: clientPath:null serverPath:null finished:false header:: 43,8  replyHeader:: 43,989,0  request:: '/replicas,F  response:: v{'1} 
1
09:46:16.478 [com.example.Server.main(localhost:2181)] DEBUG org.apache.zookeeper.ClientCnxn - Reading reply session id: 0x100156924710005, packet:: clientPath:null serverPath:null finished:false header:: 44,3  replyHeader:: 44,989,0  request:: '/replicas,T  response:: s{898,898,1690515998124,1690515998124,0,1,0,0,5,1,901} 
Node exists and the node version is 0
09:46:16.480 [com.example.Server.main(localhost:2181)] DEBUG org.apache.zookeeper.ClientCnxn - Got ping response for session id: 0x100156924710005 after 4ms.
09:46:16.483 [com.example.Server.main(localhost:2181)] DEBUG org.apache.zookeeper.ClientCnxn - Reading reply session id: 0x100156924710005, packet:: clientPath:null serverPath:null finished:false header:: 45,8  replyHeader:: 45,989,0  request:: '/replicas,F  response:: v{'1} 
1
09:46:17.398 [com.example.Server.main(localhost:2181)] DEBUG org.apache.zookeeper.ClientCnxn - Reading reply session id: 0x100156924710005, packet:: clientPath:null serverPath:null finished:false header:: 46,3  replyHeader:: 46,989,0  request:: '/leader/1,T  response:: s{903,903,1690515998148,1690515998148,0,0,0,0,14,0,903} 
Node exists and the node version is 0
09:46:17.401 [com.example.Server.main(localhost:2181)] DEBUG org.apache.zookeeper.ClientCnxn - Reading reply session id: 0x100156924710005, packet:: clientPath:null serverPath:null finished:false header:: 47,4  replyHeader:: 47,989,0  request:: '/leader/1,F  response:: #3132372e302e302e313a35303031,s{903,903,1690515998148,1690515998148,0,0,0,0,14,0,903} 
127.0.0.1:5001
09:46:17.487 [com.example.Server.main(localhost:2181)] DEBUG org.apache.zookeeper.ClientCnxn - Reading reply session id: 0x100156924710005, packet:: clientPath:null serverPath:null finished:false header:: 48,3  replyHeader:: 48,989,0  request:: '/replicas,T  response:: s{898,898,1690515998124,1690515998124,0,1,0,0,5,1,901} 
Node exists and the node version is 0
09:46:17.489 [com.example.Server.main(localhost:2181)] DEBUG org.apache.zookeeper.ClientCnxn - Reading reply session id: 0x100156924710005, packet:: clientPath:null serverPath:null finished:false header:: 49,8  replyHeader:: 49,989,0  request:: '/replicas,F  response:: v{'1} 
1
09:46:18.493 [com.example.Server.main(localhost:2181)] DEBUG org.apache.zookeeper.ClientCnxn - Reading reply session id: 0x100156924710005, packet:: clientPath:null serverPath:null finished:false header:: 50,3  replyHeader:: 50,989,0  request:: '/replicas,T  response:: s{898,898,1690515998124,1690515998124,0,1,0,0,5,1,901} 
Node exists and the node version is 0
09:46:18.495 [com.example.Server.main(localhost:2181)] DEBUG org.apache.zookeeper.ClientCnxn - Got ping response for session id: 0x100156924710005 after 3ms.
09:46:18.496 [com.example.Server.main(localhost:2181)] DEBUG org.apache.zookeeper.ClientCnxn - Reading reply session id: 0x100156924710005, packet:: clientPath:null serverPath:null finished:false header:: 51,8  replyHeader:: 51,989,0  request:: '/replicas,F  response:: v{'1} 
1
09:46:19.500 [com.example.Server.main(localhost:2181)] DEBUG org.apache.zookeeper.ClientCnxn - Reading reply session id: 0x100156924710005, packet:: clientPath:null serverPath:null finished:false header:: 52,3  replyHeader:: 52,989,0  request:: '/replicas,T  response:: s{898,898,1690515998124,1690515998124,0,1,0,0,5,1,901} 
Node exists and the node version is 0
09:46:19.501 [com.example.Server.main(localhost:2181)] DEBUG org.apache.zookeeper.ClientCnxn - Got ping response for session id: 0x100156924710005 after 3ms.
09:46:19.503 [com.example.Server.main(localhost:2181)] DEBUG org.apache.zookeeper.ClientCnxn - Reading reply session id: 0x100156924710005, packet:: clientPath:null serverPath:null finished:false header:: 53,8  replyHeader:: 53,989,0  request:: '/replicas,F  response:: v{'1} 
1
09:46:20.508 [com.example.Server.main(localhost:2181)] DEBUG org.apache.zookeeper.ClientCnxn - Reading reply session id: 0x100156924710005, packet:: clientPath:null serverPath:null finished:false header:: 54,3  replyHeader:: 54,989,0  request:: '/replicas,T  response:: s{898,898,1690515998124,1690515998124,0,1,0,0,5,1,901} 
Node exists and the node version is 0
09:46:20.509 [com.example.Server.main(localhost:2181)] DEBUG org.apache.zookeeper.ClientCnxn - Got ping response for session id: 0x100156924710005 after 3ms.
09:46:20.511 [com.example.Server.main(localhost:2181)] DEBUG org.apache.zookeeper.ClientCnxn - Reading reply session id: 0x100156924710005, packet:: clientPath:null serverPath:null finished:false header:: 55,8  replyHeader:: 55,989,0  request:: '/replicas,F  response:: v{'1} 
1
09:46:21.517 [com.example.Server.main(localhost:2181)] DEBUG org.apache.zookeeper.ClientCnxn - Reading reply session id: 0x100156924710005, packet:: clientPath:null serverPath:null finished:false header:: 56,3  replyHeader:: 56,989,0  request:: '/replicas,T  response:: s{898,898,1690515998124,1690515998124,0,1,0,0,5,1,901} 
Node exists and the node version is 0
09:46:21.518 [com.example.Server.main(localhost:2181)] DEBUG org.apache.zookeeper.ClientCnxn - Got ping response for session id: 0x100156924710005 after 4ms.
09:46:21.520 [com.example.Server.main(localhost:2181)] DEBUG org.apache.zookeeper.ClientCnxn - Reading reply session id: 0x100156924710005, packet:: clientPath:null serverPath:null finished:false header:: 57,8  replyHeader:: 57,989,0  request:: '/replicas,F  response:: v{'1} 
1
09:46:22.404 [com.example.Server.main(localhost:2181)] DEBUG org.apache.zookeeper.ClientCnxn - Reading reply session id: 0x100156924710005, packet:: clientPath:null serverPath:null finished:false header:: 58,3  replyHeader:: 58,989,0  request:: '/leader/1,T  response:: s{903,903,1690515998148,1690515998148,0,0,0,0,14,0,903} 
Node exists and the node version is 0
09:46:22.405 [com.example.Server.main(localhost:2181)] DEBUG org.apache.zookeeper.ClientCnxn - Reading reply session id: 0x100156924710005, packet:: clientPath:null serverPath:null finished:false header:: 59,4  replyHeader:: 59,989,0  request:: '/leader/1,F  response:: #3132372e302e302e313a35303031,s{903,903,1690515998148,1690515998148,0,0,0,0,14,0,903} 
127.0.0.1:5001
09:46:22.523 [com.example.Server.main(localhost:2181)] DEBUG org.apache.zookeeper.ClientCnxn - Reading reply session id: 0x100156924710005, packet:: clientPath:null serverPath:null finished:false header:: 60,3  replyHeader:: 60,989,0  request:: '/replicas,T  response:: s{898,898,1690515998124,1690515998124,0,1,0,0,5,1,901} 
Node exists and the node version is 0
09:46:22.525 [com.example.Server.main(localhost:2181)] DEBUG org.apache.zookeeper.ClientCnxn - Reading reply session id: 0x100156924710005, packet:: clientPath:null serverPath:null finished:false header:: 61,8  replyHeader:: 61,989,0  request:: '/replicas,F  response:: v{'1} 
1
09:46:23.528 [com.example.Server.main(localhost:2181)] DEBUG org.apache.zookeeper.ClientCnxn - Reading reply session id: 0x100156924710005, packet:: clientPath:null serverPath:null finished:false header:: 62,3  replyHeader:: 62,989,0  request:: '/replicas,T  response:: s{898,898,1690515998124,1690515998124,0,1,0,0,5,1,901} 
Node exists and the node version is 0
09:46:23.528 [com.example.Server.main(localhost:2181)] DEBUG org.apache.zookeeper.ClientCnxn - Got ping response for session id: 0x100156924710005 after 2ms.
09:46:23.529 [com.example.Server.main(localhost:2181)] DEBUG org.apache.zookeeper.ClientCnxn - Reading reply session id: 0x100156924710005, packet:: clientPath:null serverPath:null finished:false header:: 63,8  replyHeader:: 63,989,0  request:: '/replicas,F  response:: v{'1} 
1
09:46:24.532 [com.example.Server.main(localhost:2181)] DEBUG org.apache.zookeeper.ClientCnxn - Reading reply session id: 0x100156924710005, packet:: clientPath:null serverPath:null finished:false header:: 64,3  replyHeader:: 64,989,0  request:: '/replicas,T  response:: s{898,898,1690515998124,1690515998124,0,1,0,0,5,1,901} 
Node exists and the node version is 0
09:46:24.532 [com.example.Server.main(localhost:2181)] DEBUG org.apache.zookeeper.ClientCnxn - Got ping response for session id: 0x100156924710005 after 1ms.
09:46:24.533 [com.example.Server.main(localhost:2181)] DEBUG org.apache.zookeeper.ClientCnxn - Reading reply session id: 0x100156924710005, packet:: clientPath:null serverPath:null finished:false header:: 65,8  replyHeader:: 65,989,0  request:: '/replicas,F  response:: v{'1} 
1
09:46:25.536 [com.example.Server.main(localhost:2181)] DEBUG org.apache.zookeeper.ClientCnxn - Reading reply session id: 0x100156924710005, packet:: clientPath:null serverPath:null finished:false header:: 66,3  replyHeader:: 66,989,0  request:: '/replicas,T  response:: s{898,898,1690515998124,1690515998124,0,1,0,0,5,1,901} 
Node exists and the node version is 0
09:46:25.536 [com.example.Server.main(localhost:2181)] DEBUG org.apache.zookeeper.ClientCnxn - Got ping response for session id: 0x100156924710005 after 1ms.
09:46:25.537 [com.example.Server.main(localhost:2181)] DEBUG org.apache.zookeeper.ClientCnxn - Reading reply session id: 0x100156924710005, packet:: clientPath:null serverPath:null finished:false header:: 67,8  replyHeader:: 67,989,0  request:: '/replicas,F  response:: v{'1} 
1
09:46:26.539 [com.example.Server.main(localhost:2181)] DEBUG org.apache.zookeeper.ClientCnxn - Reading reply session id: 0x100156924710005, packet:: clientPath:null serverPath:null finished:false header:: 68,3  replyHeader:: 68,989,0  request:: '/replicas,T  response:: s{898,898,1690515998124,1690515998124,0,1,0,0,5,1,901} 
Node exists and the node version is 0
09:46:26.540 [com.example.Server.main(localhost:2181)] DEBUG org.apache.zookeeper.ClientCnxn - Got ping response for session id: 0x100156924710005 after 1ms.
09:46:26.541 [com.example.Server.main(localhost:2181)] DEBUG org.apache.zookeeper.ClientCnxn - Reading reply session id: 0x100156924710005, packet:: clientPath:null serverPath:null finished:false header:: 69,8  replyHeader:: 69,989,0  request:: '/replicas,F  response:: v{'1} 
1
09:46:27.408 [com.example.Server.main(localhost:2181)] DEBUG org.apache.zookeeper.ClientCnxn - Reading reply session id: 0x100156924710005, packet:: clientPath:null serverPath:null finished:false header:: 70,3  replyHeader:: 70,989,0  request:: '/leader/1,T  response:: s{903,903,1690515998148,1690515998148,0,0,0,0,14,0,903} 
Node exists and the node version is 0
09:46:27.411 [com.example.Server.main(localhost:2181)] DEBUG org.apache.zookeeper.ClientCnxn - Reading reply session id: 0x100156924710005, packet:: clientPath:null serverPath:null finished:false header:: 71,4  replyHeader:: 71,989,0  request:: '/leader/1,F  response:: #3132372e302e302e313a35303031,s{903,903,1690515998148,1690515998148,0,0,0,0,14,0,903} 
127.0.0.1:5001
09:46:27.543 [com.example.Server.main(localhost:2181)] DEBUG org.apache.zookeeper.ClientCnxn - Reading reply session id: 0x100156924710005, packet:: clientPath:null serverPath:null finished:false header:: 72,3  replyHeader:: 72,989,0  request:: '/replicas,T  response:: s{898,898,1690515998124,1690515998124,0,1,0,0,5,1,901} 
Node exists and the node version is 0
09:46:27.544 [com.example.Server.main(localhost:2181)] DEBUG org.apache.zookeeper.ClientCnxn - Reading reply session id: 0x100156924710005, packet:: clientPath:null serverPath:null finished:false header:: 73,8  replyHeader:: 73,989,0  request:: '/replicas,F  response:: v{'1} 
1
